<?xml version="1.0" encoding="UTF-8"?>
<!-- Generated by org.testng.reporters.JUnitXMLReporter -->
<testsuite hostname="ASDP1510_PO01976" ignored="0" name="Default test" tests="3" failures="0" timestamp="23 Jul 2019 09:51:52 GMT" time="3.896" errors="0">
  <testcase name="enterCorrectInformation" time="2.149" classname="com.qait.testScripts.Register"/>
  <testcase name="sendIncompleteInformation" time="0.622" classname="com.qait.testScripts.Register"/>
  <testcase name="usingWrongBodyParametersInformation" time="1.092" classname="com.qait.testScripts.Register"/>
</testsuite> <!-- Default test -->
