<?xml version="1.0" encoding="UTF-8"?>
<testng-results skipped="0" failed="0" ignored="0" total="3" passed="3">
  <reporter-output>
  </reporter-output>
  <suite name="Default suite" duration-ms="3896" started-at="2019-07-23T09:51:49Z" finished-at="2019-07-23T09:51:52Z">
    <groups>
    </groups>
    <test name="Default test" duration-ms="3896" started-at="2019-07-23T09:51:49Z" finished-at="2019-07-23T09:51:52Z">
      <class name="com.qait.testScripts.Register">
        <test-method status="PASS" signature="enterCorrectInformation()[pri:0, instance:com.qait.testScripts.Register@5c3bd550]" name="enterCorrectInformation" duration-ms="2149" started-at="2019-07-23T09:51:49Z" finished-at="2019-07-23T09:51:51Z">
          <reporter-output>
          </reporter-output>
        </test-method> <!-- enterCorrectInformation -->
        <test-method status="PASS" signature="sendIncompleteInformation()[pri:0, instance:com.qait.testScripts.Register@5c3bd550]" name="sendIncompleteInformation" duration-ms="622" started-at="2019-07-23T09:51:51Z" finished-at="2019-07-23T09:51:51Z">
          <reporter-output>
          </reporter-output>
        </test-method> <!-- sendIncompleteInformation -->
        <test-method status="PASS" signature="usingWrongBodyParametersInformation()[pri:0, instance:com.qait.testScripts.Register@5c3bd550]" name="usingWrongBodyParametersInformation" duration-ms="1092" started-at="2019-07-23T09:51:51Z" finished-at="2019-07-23T09:51:52Z">
          <reporter-output>
          </reporter-output>
        </test-method> <!-- usingWrongBodyParametersInformation -->
      </class> <!-- com.qait.testScripts.Register -->
    </test> <!-- Default test -->
  </suite> <!-- Default suite -->
</testng-results>
